#
# A fatal error has been detected by the Java Runtime Environment:
#
#  EXCEPTION_ACCESS_VIOLATION (0xc0000005) at pc=0x00007ffe1d4ac1dc, pid=12968, tid=25916
#
# JRE version: Java(TM) SE Runtime Environment 18.9 (11.0.12+8) (build 11.0.12+8-LTS-237)
# Java VM: Java HotSpot(TM) 64-Bit Server VM 18.9 (11.0.12+8-LTS-237, mixed mode, tiered, compressed oops, g1 gc, windows-amd64)
# Problematic frame:
# V  [jvm.dll+0x31c1dc]
#
# No core dump will be written. Minidumps are not enabled by default on client versions of Windows
#
# If you would like to submit a bug report, please visit:
#   https://bugreport.java.com/bugreport/crash.jsp
#

---------------  S U M M A R Y ------------

Command Line: -agentlib:jdwp=transport=dt_socket,suspend=y,address=localhost:49602 -javaagent:C:\Users\16085\eclipse\jee-2021-06\eclipse\configuration\org.eclipse.osgi\415\0\.cp\lib\javaagent-shaded.jar -Dfile.encoding=UTF-8 com.rab3tech.SpringBootRunner

Host: Intel(R) Core(TM) i3-8100 CPU @ 3.60GHz, 4 cores, 7G,  Windows 10 , 64 bit Build 22000 (10.0.22000.434)
Time: Sat Apr  2 13:52:59 2022 Central Daylight Time elapsed time: 1640.044546 seconds (0d 0h 27m 20s)

---------------  T H R E A D  ---------------

Current thread (0x000002234ecbc800):  VMThread "VM Thread" [stack: 0x000000296a800000,0x000000296a900000] [id=25916]

Stack: [0x000000296a800000,0x000000296a900000],  sp=0x000000296a8feef0,  free space=1019k
Native frames: (J=compiled Java code, j=interpreted, Vv=VM code, C=native code)
V  [jvm.dll+0x31c1dc]
V  [jvm.dll+0x31e292]
V  [jvm.dll+0x31ec0e]
V  [jvm.dll+0x31c47c]
V  [jvm.dll+0x31b6b2]
V  [jvm.dll+0x607375]
V  [jvm.dll+0x6070fd]
V  [jvm.dll+0x5ceed3]
V  [jvm.dll+0x4deb91]
V  [jvm.dll+0x756f6c]
V  [jvm.dll+0x7552f7]
V  [jvm.dll+0x755b20]
V  [jvm.dll+0x755e37]
V  [jvm.dll+0x70f064]
V  [jvm.dll+0x616f66]
C  [ucrtbase.dll+0x26c0c]
C  [KERNEL32.DLL+0x154e0]
C  [ntdll.dll+0x485b]


siginfo: EXCEPTION_ACCESS_VIOLATION (0xc0000005), reading address 0x0000000000000006


Register to memory mapping:

RIP=0x00007ffe1d4ac1dc jvm.dll
RAX=0x0 is NULL
RBX=0x000000296a8ff1b0 points into unknown readable memory: 0x00007ffe1da29dc8 | c8 9d a2 1d fe 7f 00 00
RCX=0x0 is NULL
RDX=0x0 is NULL
RSP=0x000000296a8feef0 points into unknown readable memory: 0x0000000000000000 | 00 00 00 00 00 00 00 00
RBP=0x0000000000000001 is an unknown value
RSI=0x0000000000000001 is an unknown value
RDI=0x00007ffe1dbbdcb8 jvm.dll
R8 =0x0 is NULL
R9 =0x000002235f840040 is pointing into metadata
R10=0x00007ffe1d190000 jvm.dll
R11=0x000000296a8fef50 points into unknown readable memory: 0x000000296a8ff1b0 | b0 f1 8f 6a 29 00 00 00
R12=0x000002233099e670 points into unknown readable memory: 0x000000001da27500 | 00 75 a2 1d 00 00 00 00
R13=0x0 is NULL
R14=0x000002235f8407e1 is pointing into metadata
R15=0x0000000000000038 is an unknown value


Registers:
RAX=0x0000000000000000, RBX=0x000000296a8ff1b0, RCX=0x0000000000000000, RDX=0x0000000000000000
RSP=0x000000296a8feef0, RBP=0x0000000000000001, RSI=0x0000000000000001, RDI=0x00007ffe1dbbdcb8
R8 =0x0000000000000000, R9 =0x000002235f840040, R10=0x00007ffe1d190000, R11=0x000000296a8fef50
R12=0x000002233099e670, R13=0x0000000000000000, R14=0x000002235f8407e1, R15=0x0000000000000038
RIP=0x00007ffe1d4ac1dc, EFLAGS=0x0000000000010206

Top of Stack: (sp=0x000000296a8feef0)
0x000000296a8feef0:   0000000000000000 00007ffe1d2aa21e
0x000000296a8fef00:   000000296a8fef80 000002234ecbc800
0x000000296a8fef10:   0000000000000000 0000000000000003
0x000000296a8fef20:   000002235f8407a0 00007ffe1d4aca33
0x000000296a8fef30:   0000b7f003e1958f 00007ffe92888c6a
0x000000296a8fef40:   000002235f8407e1 000000296a8ff010
0x000000296a8fef50:   000000296a8ff1b0 00007ffe1d4ae292
0x000000296a8fef60:   000000296a8ff1b0 0000000000000009
0x000000296a8fef70:   0000000000000001 00000223308c6328
0x000000296a8fef80:   0000000000000009 00007ffe1d2aa21e
0x000000296a8fef90:   000000296a8ff010 6666666666666667
0x000000296a8fefa0:   0000000000000000 00000000000000b0
0x000000296a8fefb0:   00000000000000ca 00007ffe1d4afe86
0x000000296a8fefc0:   0000000000000038 000002235f8407e1
0x000000296a8fefd0:   000000296a8ff040 00000000000000b2
0x000000296a8fefe0:   00000000000000b2 00007ffe1d4aec0e 

Instructions: (pc=0x00007ffe1d4ac1dc)
0x00007ffe1d4ac1bc:   8b cf e8 5d 05 f2 ff 8b d0 48 8b cf e8 83 33 f2
0x00007ffe1d4ac1cc:   ff 48 63 c8 48 8b 44 cf 40 48 8d 3d dc 1a 71 00
0x00007ffe1d4ac1dc:   0f b6 48 06 8b 05 ce 1a 71 00 80 f9 4c 74 2b 80
0x00007ffe1d4ac1ec:   f9 5b 74 26 80 f9 4a 74 18 80 f9 44 74 13 80 f9 


Stack slot to memory mapping:
stack at sp + 0 slots: 0x0 is NULL
stack at sp + 1 slots: 0x00007ffe1d2aa21e jvm.dll
stack at sp + 2 slots: 0x000000296a8fef80 points into unknown readable memory: 0x0000000000000009 | 09 00 00 00 00 00 00 00
stack at sp + 3 slots: 0x000002234ecbc800 points into unknown readable memory: 0x00007ffe1da5e868 | 68 e8 a5 1d fe 7f 00 00
stack at sp + 4 slots: 0x0 is NULL
stack at sp + 5 slots: 0x0000000000000003 is an unknown value
stack at sp + 6 slots: 0x000002235f8407a0 is pointing into metadata
stack at sp + 7 slots: 0x00007ffe1d4aca33 jvm.dll

VM_Operation (0x000000296b2ff570): GetOrSetLocal, mode: safepoint, requested by thread 0x000002234f86a000


---------------  P R O C E S S  ---------------

Threads class SMR info:
_java_thread_list=0x000002235719b600, length=41, elements={
0x000002234ece5800, 0x000002234ecef000, 0x000002234f662800, 0x000002234ecfb800,
0x000002234ed01000, 0x000002234ed08800, 0x000002234ed0d000, 0x000002234ed0e800,
0x000002234f7bf000, 0x000002234f86a000, 0x000002234fa24800, 0x000002234fa34800,
0x0000022352956800, 0x00000223510be800, 0x0000022359a56800, 0x0000022353e41800,
0x0000022359a5e000, 0x0000022359a5f800, 0x0000022353e43800, 0x0000022353e42800,
0x000002235073a800, 0x0000022350738800, 0x0000022350739800, 0x000002235295c000,
0x0000022352957000, 0x0000022352959800, 0x000002235295d000, 0x000002235295a800,
0x0000022352958000, 0x0000022353e44000, 0x0000022353e3f800, 0x0000022353e45000,
0x0000022353e46000, 0x0000022353e40000, 0x0000022353e41000, 0x0000022359a5b800,
0x0000022359a56000, 0x0000022359a58800, 0x0000022359a61800, 0x0000022359a63000,
0x0000022359a5f000
}

Java Threads: ( => current thread )
  0x000002234ece5800 JavaThread "Reference Handler" daemon [_thread_blocked, id=28532, stack(0x000000296a900000,0x000000296aa00000)]
  0x000002234ecef000 JavaThread "Finalizer" daemon [_thread_blocked, id=2576, stack(0x000000296aa00000,0x000000296ab00000)]
  0x000002234f662800 JavaThread "Signal Dispatcher" daemon [_thread_blocked, id=4168, stack(0x000000296ab00000,0x000000296ac00000)]
  0x000002234ecfb800 JavaThread "Attach Listener" daemon [_thread_blocked, id=5132, stack(0x000000296ac00000,0x000000296ad00000)]
  0x000002234ed01000 JavaThread "Service Thread" daemon [_thread_blocked, id=28904, stack(0x000000296ad00000,0x000000296ae00000)]
  0x000002234ed08800 JavaThread "C2 CompilerThread0" daemon [_thread_blocked, id=25964, stack(0x000000296ae00000,0x000000296af00000)]
  0x000002234ed0d000 JavaThread "C1 CompilerThread0" daemon [_thread_blocked, id=34468, stack(0x000000296af00000,0x000000296b000000)]
  0x000002234ed0e800 JavaThread "Sweeper thread" daemon [_thread_blocked, id=11716, stack(0x000000296b000000,0x000000296b100000)]
  0x000002234f7bf000 JavaThread "Common-Cleaner" daemon [_thread_blocked, id=30068, stack(0x000000296b100000,0x000000296b200000)]
  0x000002234f86a000 JavaThread "JDWP Transport Listener: dt_socket" daemon [_thread_blocked, id=23304, stack(0x000000296b200000,0x000000296b300000)] _threads_hazard_ptr=0x000002235719b600
  0x000002234fa24800 JavaThread "JDWP Event Helper Thread" daemon [_thread_blocked, id=25744, stack(0x000000296b300000,0x000000296b400000)]
  0x000002234fa34800 JavaThread "JDWP Command Reader" daemon [_thread_in_native, id=2804, stack(0x000000296b400000,0x000000296b500000)]
  0x0000022352956800 JavaThread "Abandoned connection cleanup thread" daemon [_thread_blocked, id=32512, stack(0x000000296be00000,0x000000296bf00000)]
  0x00000223510be800 JavaThread "Live Reload Server" daemon [_thread_in_native, id=32176, stack(0x000000296c700000,0x000000296c800000)]
  0x0000022359a56800 JavaThread "DestroyJavaVM" [_thread_blocked, id=34336, stack(0x000000296a200000,0x000000296a300000)]
  0x0000022353e41800 JavaThread "http-nio-8888-exec-10" daemon [_thread_blocked, id=14576, stack(0x000000296d000000,0x000000296d100000)]
  0x0000022359a5e000 JavaThread "http-nio-8888-exec-1" daemon [_thread_blocked, id=28516, stack(0x000000296c900000,0x000000296ca00000)]
  0x0000022359a5f800 JavaThread "http-nio-8888-exec-3" daemon [_thread_blocked, id=22324, stack(0x000000296cb00000,0x000000296cc00000)]
  0x0000022353e43800 JavaThread "http-nio-8888-exec-4" daemon [_thread_blocked, id=33276, stack(0x000000296cc00000,0x000000296cd00000)]
  0x0000022353e42800 JavaThread "http-nio-8888-exec-5" daemon [_thread_blocked, id=24492, stack(0x000000296cd00000,0x000000296ce00000)]
  0x000002235073a800 JavaThread "Thread-78" daemon [_thread_blocked, id=25932, stack(0x000000296bb00000,0x000000296bc00000)]
  0x0000022350738800 JavaThread "SimplePauseDetectorThread_0" daemon [_thread_blocked, id=32804, stack(0x000000296bd00000,0x000000296be00000)]
  0x0000022350739800 JavaThread "HikariPool-10 housekeeper" daemon [_thread_blocked, id=28296, stack(0x000000296bf00000,0x000000296c000000)]
  0x000002235295c000 JavaThread "ContainerBackgroundProcessor[StandardEngine[Tomcat]]" daemon [_thread_blocked, id=12000, stack(0x000000296c200000,0x000000296c300000)]
  0x0000022352957000 JavaThread "container-0" [_thread_blocked, id=18864, stack(0x000000296c300000,0x000000296c400000)]
  0x0000022352959800 JavaThread "File Watcher" daemon [_thread_blocked, id=27008, stack(0x000000296c100000,0x000000296c200000)]
  0x000002235295d000 JavaThread "NioBlockingSelector.BlockPoller-10" daemon [_thread_in_native, id=28512, stack(0x000000296c400000,0x000000296c500000)]
  0x000002235295a800 JavaThread "http-nio-8888-exec-1" daemon [_thread_blocked, id=25968, stack(0x000000296c500000,0x000000296c600000)]
  0x0000022352958000 JavaThread "http-nio-8888-exec-2" daemon [_thread_blocked, id=28080, stack(0x000000296c600000,0x000000296c700000)]
  0x0000022353e44000 JavaThread "http-nio-8888-exec-3" daemon [_thread_blocked, id=30916, stack(0x000000296c800000,0x000000296c900000)]
  0x0000022353e3f800 JavaThread "http-nio-8888-exec-4" daemon [_thread_blocked, id=8464, stack(0x000000296ca00000,0x000000296cb00000)]
  0x0000022353e45000 JavaThread "http-nio-8888-exec-5" daemon [_thread_blocked, id=33352, stack(0x000000296ce00000,0x000000296cf00000)]
  0x0000022353e46000 JavaThread "http-nio-8888-exec-6" daemon [_thread_blocked, id=256, stack(0x000000296cf00000,0x000000296d000000)]
  0x0000022353e40000 JavaThread "http-nio-8888-exec-7" daemon [_thread_blocked, id=23644, stack(0x000000296d100000,0x000000296d200000)]
  0x0000022353e41000 JavaThread "http-nio-8888-exec-8" daemon [_thread_blocked, id=23368, stack(0x000000296d200000,0x000000296d300000)]
  0x0000022359a5b800 JavaThread "http-nio-8888-exec-9" daemon [_thread_blocked, id=15136, stack(0x000000296d300000,0x000000296d400000)]
  0x0000022359a56000 JavaThread "http-nio-8888-exec-10" daemon [_thread_blocked, id=21340, stack(0x000000296d400000,0x000000296d500000)]
  0x0000022359a58800 JavaThread "http-nio-8888-ClientPoller-0" daemon [_thread_in_native, id=28828, stack(0x000000296d500000,0x000000296d600000)]
  0x0000022359a61800 JavaThread "http-nio-8888-ClientPoller-1" daemon [_thread_in_native, id=10372, stack(0x000000296d600000,0x000000296d700000)]
  0x0000022359a63000 JavaThread "http-nio-8888-Acceptor-0" daemon [_thread_in_native, id=29680, stack(0x000000296d700000,0x000000296d800000)]
  0x0000022359a5f000 JavaThread "http-nio-8888-AsyncTimeout" daemon [_thread_blocked, id=16652, stack(0x000000296d800000,0x000000296d900000)]

Other Threads:
=>0x000002234ecbc800 VMThread "VM Thread" [stack: 0x000000296a800000,0x000000296a900000] [id=25916]
  0x000002234fc64800 WatcherThread [stack: 0x000000296b600000,0x000000296b700000] [id=13980]
  0x00000223308e4000 GCTaskThread "GC Thread#0" [stack: 0x000000296a300000,0x000000296a400000] [id=10684]
  0x000002235000e800 GCTaskThread "GC Thread#1" [stack: 0x000000296b700000,0x000000296b800000] [id=4528]
  0x000002235082e800 GCTaskThread "GC Thread#2" [stack: 0x000000296b800000,0x000000296b900000] [id=15452]
  0x000002235107b000 GCTaskThread "GC Thread#3" [stack: 0x000000296bc00000,0x000000296bd00000] [id=25100]
  0x0000022330913000 ConcurrentGCThread "G1 Main Marker" [stack: 0x000000296a400000,0x000000296a500000] [id=17124]
  0x0000022330914800 ConcurrentGCThread "G1 Conc#0" [stack: 0x000000296a500000,0x000000296a600000] [id=16180]
  0x0000022330996800 ConcurrentGCThread "G1 Refine#0" [stack: 0x000000296a600000,0x000000296a700000] [id=24704]
  0x000002234eb30800 ConcurrentGCThread "G1 Young RemSet Sampling" [stack: 0x000000296a700000,0x000000296a800000] [id=31284]

Threads with active compile tasks:

VM state:at safepoint (normal execution)

VM Mutex/Monitor currently owned by a thread:  ([mutex/lock_event])
[0x00000223308cb5d0] Threads_lock - owner thread: 0x000002234ecbc800

Heap address: 0x0000000082c00000, size: 2004 MB, Compressed Oops mode: 32-bit
Narrow klass base: 0x0000000000000000, Narrow klass shift: 3
Compressed class space size: 1073741824 Address: 0x0000000100000000

Heap:
 garbage-first heap   total 280576K, used 199933K [0x0000000082c00000, 0x0000000100000000)
  region size 1024K, 11 young (11264K), 2 survivors (2048K)
 Metaspace       used 117250K, capacity 120311K, committed 120476K, reserved 1157120K
  class space    used 12698K, capacity 13801K, committed 13824K, reserved 1048576K
Heap Regions: E=young(eden), S=young(survivor), O=old, HS=humongous(starts), HC=humongous(continues), CS=collection set, F=free, A=archive, TAMS=top-at-mark-start (previous, next)
|   0|0x0000000082c00000, 0x0000000082cff420, 0x0000000082d00000| 99%| O|  |TAMS 0x0000000082cff420, 0x0000000082c00000| Untracked 
|   1|0x0000000082d00000, 0x0000000082e00000, 0x0000000082e00000|100%| O|  |TAMS 0x0000000082e00000, 0x0000000082d00000| Untracked 
|   2|0x0000000082e00000, 0x0000000082efffd8, 0x0000000082f00000| 99%| O|  |TAMS 0x0000000082efffd8, 0x0000000082e00000| Untracked 
|   3|0x0000000082f00000, 0x0000000082fffff0, 0x0000000083000000| 99%| O|  |TAMS 0x0000000082fffff0, 0x0000000082f00000| Untracked 
|   4|0x0000000083000000, 0x00000000830ffff8, 0x0000000083100000| 99%| O|  |TAMS 0x00000000830ffff8, 0x0000000083000000| Untracked 
|   5|0x0000000083100000, 0x00000000831ffff0, 0x0000000083200000| 99%| O|  |TAMS 0x00000000831ffff0, 0x0000000083100000| Untracked 
|   6|0x0000000083200000, 0x0000000083300000, 0x0000000083300000|100%| O|  |TAMS 0x0000000083300000, 0x0000000083200000| Untracked 
|   7|0x0000000083300000, 0x00000000833fffe0, 0x0000000083400000| 99%| O|  |TAMS 0x00000000833fffe0, 0x0000000083300000| Untracked 
|   8|0x0000000083400000, 0x00000000834fffd0, 0x0000000083500000| 99%| O|  |TAMS 0x00000000834fffd0, 0x0000000083400000| Untracked 
|   9|0x0000000083500000, 0x00000000835ffff0, 0x0000000083600000| 99%| O|  |TAMS 0x00000000835ffff0, 0x0000000083500000| Untracked 
|  10|0x0000000083600000, 0x00000000836ffff8, 0x0000000083700000| 99%| O|  |TAMS 0x00000000836ffff8, 0x0000000083600000| Untracked 
|  11|0x0000000083700000, 0x0000000083800000, 0x0000000083800000|100%| O|  |TAMS 0x0000000083800000, 0x0000000083700000| Untracked 
|  12|0x0000000083800000, 0x00000000838fffe8, 0x0000000083900000| 99%| O|  |TAMS 0x00000000838fffe8, 0x0000000083800000| Untracked 
|  13|0x0000000083900000, 0x00000000839ffff8, 0x0000000083a00000| 99%| O|  |TAMS 0x00000000839ffff8, 0x0000000083900000| Untracked 
|  14|0x0000000083a00000, 0x0000000083afffe0, 0x0000000083b00000| 99%| O|  |TAMS 0x0000000083afffe0, 0x0000000083a00000| Untracked 
|  15|0x0000000083b00000, 0x0000000083bfffe0, 0x0000000083c00000| 99%| O|  |TAMS 0x0000000083bfffe0, 0x0000000083b00000| Untracked 
|  16|0x0000000083c00000, 0x0000000083cfffe8, 0x0000000083d00000| 99%| O|  |TAMS 0x0000000083cfffe8, 0x0000000083c00000| Untracked 
|  17|0x0000000083d00000, 0x0000000083dfff58, 0x0000000083e00000| 99%| O|  |TAMS 0x0000000083dfff58, 0x0000000083d00000| Untracked 
|  18|0x0000000083e00000, 0x0000000083effe90, 0x0000000083f00000| 99%| O|  |TAMS 0x0000000083effe90, 0x0000000083e00000| Untracked 
|  19|0x0000000083f00000, 0x0000000083ffffc8, 0x0000000084000000| 99%| O|  |TAMS 0x0000000083ffffc8, 0x0000000083f00000| Untracked 
|  20|0x0000000084000000, 0x00000000840ffba0, 0x0000000084100000| 99%| O|  |TAMS 0x00000000840ffba0, 0x0000000084000000| Untracked 
|  21|0x0000000084100000, 0x00000000841fffd8, 0x0000000084200000| 99%| O|  |TAMS 0x00000000841fffd8, 0x0000000084100000| Untracked 
|  22|0x0000000084200000, 0x00000000842ff8d0, 0x0000000084300000| 99%| O|  |TAMS 0x00000000842ff8d0, 0x0000000084200000| Untracked 
|  23|0x0000000084300000, 0x00000000843ffee8, 0x0000000084400000| 99%| O|  |TAMS 0x00000000843ffee8, 0x0000000084300000| Untracked 
|  24|0x0000000084400000, 0x00000000844ffff0, 0x0000000084500000| 99%| O|  |TAMS 0x00000000844ffff0, 0x0000000084400000| Untracked 
|  25|0x0000000084500000, 0x0000000084600000, 0x0000000084600000|100%| O|  |TAMS 0x0000000084600000, 0x0000000084500000| Untracked 
|  26|0x0000000084600000, 0x00000000846ffff0, 0x0000000084700000| 99%| O|  |TAMS 0x00000000846ffff0, 0x0000000084600000| Untracked 
|  27|0x0000000084700000, 0x0000000084800000, 0x0000000084800000|100%| O|  |TAMS 0x0000000084800000, 0x0000000084700000| Untracked 
|  28|0x0000000084800000, 0x00000000848ff768, 0x0000000084900000| 99%| O|  |TAMS 0x00000000848ff768, 0x0000000084800000| Untracked 
|  29|0x0000000084900000, 0x00000000849ffff8, 0x0000000084a00000| 99%| O|  |TAMS 0x00000000849ffff8, 0x0000000084900000| Untracked 
|  30|0x0000000084a00000, 0x0000000084affff8, 0x0000000084b00000| 99%| O|  |TAMS 0x0000000084affff8, 0x0000000084a00000| Untracked 
|  31|0x0000000084b00000, 0x0000000084bffff8, 0x0000000084c00000| 99%| O|  |TAMS 0x0000000084bffff8, 0x0000000084b00000| Untracked 
|  32|0x0000000084c00000, 0x0000000084cfff78, 0x0000000084d00000| 99%| O|  |TAMS 0x0000000084cfff78, 0x0000000084c00000| Untracked 
|  33|0x0000000084d00000, 0x0000000084e00000, 0x0000000084e00000|100%| O|  |TAMS 0x0000000084e00000, 0x0000000084d00000| Untracked 
|  34|0x0000000084e00000, 0x0000000084efffd8, 0x0000000084f00000| 99%| O|  |TAMS 0x0000000084efffd8, 0x0000000084e00000| Untracked 
|  35|0x0000000084f00000, 0x0000000084fffff8, 0x0000000085000000| 99%| O|  |TAMS 0x0000000084fffff8, 0x0000000084f00000| Untracked 
|  36|0x0000000085000000, 0x0000000085100000, 0x0000000085100000|100%| O|  |TAMS 0x0000000085100000, 0x0000000085000000| Untracked 
|  37|0x0000000085100000, 0x00000000851ffff0, 0x0000000085200000| 99%| O|  |TAMS 0x00000000851ffff0, 0x0000000085100000| Untracked 
|  38|0x0000000085200000, 0x00000000852ffff0, 0x0000000085300000| 99%| O|  |TAMS 0x00000000852ffff0, 0x0000000085200000| Untracked 
|  39|0x0000000085300000, 0x00000000853ffff0, 0x0000000085400000| 99%| O|  |TAMS 0x00000000853ffff0, 0x0000000085300000| Untracked 
|  40|0x0000000085400000, 0x00000000854ffff8, 0x0000000085500000| 99%| O|  |TAMS 0x00000000854ffff8, 0x0000000085400000| Untracked 
|  41|0x0000000085500000, 0x00000000855fffb0, 0x0000000085600000| 99%| O|  |TAMS 0x00000000855fffb0, 0x0000000085500000| Untracked 
|  42|0x0000000085600000, 0x00000000856ffff0, 0x0000000085700000| 99%| O|  |TAMS 0x00000000856ffff0, 0x0000000085600000| Untracked 
|  43|0x0000000085700000, 0x00000000857fff98, 0x0000000085800000| 99%| O|  |TAMS 0x00000000857fff98, 0x0000000085700000| Untracked 
|  44|0x0000000085800000, 0x00000000858fffe0, 0x0000000085900000| 99%| O|  |TAMS 0x00000000858fffe0, 0x0000000085800000| Untracked 
|  45|0x0000000085900000, 0x00000000859ffff8, 0x0000000085a00000| 99%| O|  |TAMS 0x00000000859ffff8, 0x0000000085900000| Untracked 
|  46|0x0000000085a00000, 0x0000000085affff0, 0x0000000085b00000| 99%| O|  |TAMS 0x0000000085affff0, 0x0000000085a00000| Untracked 
|  47|0x0000000085b00000, 0x0000000085bffff0, 0x0000000085c00000| 99%| O|  |TAMS 0x0000000085bffff0, 0x0000000085b00000| Untracked 
|  48|0x0000000085c00000, 0x0000000085cffff8, 0x0000000085d00000| 99%| O|  |TAMS 0x0000000085cffff8, 0x0000000085c00000| Untracked 
|  49|0x0000000085d00000, 0x0000000085dffff8, 0x0000000085e00000| 99%| O|  |TAMS 0x0000000085dffff8, 0x0000000085d00000| Untracked 
|  50|0x0000000085e00000, 0x0000000085efff60, 0x0000000085f00000| 99%| O|  |TAMS 0x0000000085efff60, 0x0000000085e00000| Untracked 
|  51|0x0000000085f00000, 0x0000000086000000, 0x0000000086000000|100%| O|  |TAMS 0x0000000086000000, 0x0000000085f00000| Untracked 
|  52|0x0000000086000000, 0x00000000860ffff8, 0x0000000086100000| 99%| O|  |TAMS 0x00000000860ffff8, 0x0000000086000000| Untracked 
|  53|0x0000000086100000, 0x00000000861ffff8, 0x0000000086200000| 99%| O|  |TAMS 0x00000000861ffff8, 0x0000000086100000| Untracked 
|  54|0x0000000086200000, 0x0000000086300000, 0x0000000086300000|100%| O|  |TAMS 0x0000000086300000, 0x0000000086200000| Untracked 
|  55|0x0000000086300000, 0x00000000863ffff0, 0x0000000086400000| 99%| O|  |TAMS 0x00000000863ffff0, 0x0000000086300000| Untracked 
|  56|0x0000000086400000, 0x00000000864ffff8, 0x0000000086500000| 99%| O|  |TAMS 0x00000000864ffff8, 0x0000000086400000| Untracked 
|  57|0x0000000086500000, 0x00000000865ffff0, 0x0000000086600000| 99%| O|  |TAMS 0x00000000865ffff0, 0x0000000086500000| Untracked 
|  58|0x0000000086600000, 0x00000000866fff50, 0x0000000086700000| 99%| O|  |TAMS 0x00000000866fff50, 0x0000000086600000| Untracked 
|  59|0x0000000086700000, 0x00000000867ffe48, 0x0000000086800000| 99%| O|  |TAMS 0x00000000867ffe48, 0x0000000086700000| Untracked 
|  60|0x0000000086800000, 0x0000000086900000, 0x0000000086900000|100%| O|  |TAMS 0x0000000086900000, 0x0000000086800000| Untracked 
|  61|0x0000000086900000, 0x00000000869fffe8, 0x0000000086a00000| 99%| O|  |TAMS 0x00000000869fffe8, 0x0000000086900000| Untracked 
|  62|0x0000000086a00000, 0x0000000086affff8, 0x0000000086b00000| 99%| O|  |TAMS 0x0000000086affff8, 0x0000000086a00000| Untracked 
|  63|0x0000000086b00000, 0x0000000086bffff0, 0x0000000086c00000| 99%| O|  |TAMS 0x0000000086bffff0, 0x0000000086b00000| Untracked 
|  64|0x0000000086c00000, 0x0000000086d00000, 0x0000000086d00000|100%| O|  |TAMS 0x0000000086d00000, 0x0000000086c00000| Untracked 
|  65|0x0000000086d00000, 0x0000000086e00000, 0x0000000086e00000|100%| O|  |TAMS 0x0000000086e00000, 0x0000000086d00000| Untracked 
|  66|0x0000000086e00000, 0x0000000086f00000, 0x0000000086f00000|100%| O|  |TAMS 0x0000000086f00000, 0x0000000086e00000| Untracked 
|  67|0x0000000086f00000, 0x0000000086fffff0, 0x0000000087000000| 99%| O|  |TAMS 0x0000000086fffff0, 0x0000000086f00000| Untracked 
|  68|0x0000000087000000, 0x00000000870fffd0, 0x0000000087100000| 99%| O|  |TAMS 0x00000000870fffd0, 0x0000000087000000| Untracked 
|  69|0x0000000087100000, 0x00000000871fffa0, 0x0000000087200000| 99%| O|  |TAMS 0x00000000871fffa0, 0x0000000087100000| Untracked 
|  70|0x0000000087200000, 0x00000000872fffd8, 0x0000000087300000| 99%| O|  |TAMS 0x00000000872fffd8, 0x0000000087200000| Untracked 
|  71|0x0000000087300000, 0x00000000873ffff8, 0x0000000087400000| 99%| O|  |TAMS 0x00000000873ffff8, 0x0000000087300000| Untracked 
|  72|0x0000000087400000, 0x00000000874fffe8, 0x0000000087500000| 99%| O|  |TAMS 0x00000000874fffe8, 0x0000000087400000| Untracked 
|  73|0x0000000087500000, 0x00000000875fffe8, 0x0000000087600000| 99%| O|  |TAMS 0x00000000875fffe8, 0x0000000087500000| Untracked 
|  74|0x0000000087600000, 0x0000000087700000, 0x0000000087700000|100%| O|  |TAMS 0x0000000087700000, 0x0000000087600000| Untracked 
|  75|0x0000000087700000, 0x00000000877fffd0, 0x0000000087800000| 99%| O|  |TAMS 0x00000000877fffd0, 0x0000000087700000| Untracked 
|  76|0x0000000087800000, 0x0000000087900000, 0x0000000087900000|100%| O|  |TAMS 0x0000000087900000, 0x0000000087800000| Untracked 
|  77|0x0000000087900000, 0x0000000087a00000, 0x0000000087a00000|100%| O|  |TAMS 0x0000000087a00000, 0x0000000087900000| Untracked 
|  78|0x0000000087a00000, 0x0000000087afffa8, 0x0000000087b00000| 99%| O|  |TAMS 0x0000000087afffa8, 0x0000000087a00000| Untracked 
|  79|0x0000000087b00000, 0x0000000087bfff10, 0x0000000087c00000| 99%| O|  |TAMS 0x0000000087bfff10, 0x0000000087b00000| Untracked 
|  80|0x0000000087c00000, 0x0000000087cfffd8, 0x0000000087d00000| 99%| O|  |TAMS 0x0000000087cfffd8, 0x0000000087c00000| Untracked 
|  81|0x0000000087d00000, 0x0000000087dfffe8, 0x0000000087e00000| 99%| O|  |TAMS 0x0000000087dfffe8, 0x0000000087d00000| Untracked 
|  82|0x0000000087e00000, 0x0000000087efff90, 0x0000000087f00000| 99%| O|  |TAMS 0x0000000087efff90, 0x0000000087e00000| Untracked 
|  83|0x0000000087f00000, 0x0000000087fffff0, 0x0000000088000000| 99%| O|  |TAMS 0x0000000087fffff0, 0x0000000087f00000| Untracked 
|  84|0x0000000088000000, 0x00000000880ff9b8, 0x0000000088100000| 99%| O|  |TAMS 0x00000000880ff9b8, 0x0000000088000000| Untracked 
|  85|0x0000000088100000, 0x0000000088200000, 0x0000000088200000|100%| O|  |TAMS 0x0000000088200000, 0x0000000088100000| Untracked 
|  86|0x0000000088200000, 0x00000000882fffe8, 0x0000000088300000| 99%| O|  |TAMS 0x00000000882fffe8, 0x0000000088200000| Untracked 
|  87|0x0000000088300000, 0x00000000883fffe8, 0x0000000088400000| 99%| O|  |TAMS 0x00000000883fffe8, 0x0000000088300000| Untracked 
|  88|0x0000000088400000, 0x0000000088500000, 0x0000000088500000|100%| O|  |TAMS 0x0000000088500000, 0x0000000088400000| Untracked 
|  89|0x0000000088500000, 0x00000000885ffff8, 0x0000000088600000| 99%| O|  |TAMS 0x00000000885ffff8, 0x0000000088500000| Untracked 
|  90|0x0000000088600000, 0x00000000886ffff8, 0x0000000088700000| 99%| O|  |TAMS 0x00000000886ffff8, 0x0000000088600000| Untracked 
|  91|0x0000000088700000, 0x00000000887ffff0, 0x0000000088800000| 99%| O|  |TAMS 0x00000000887ffff0, 0x0000000088700000| Untracked 
|  92|0x0000000088800000, 0x0000000088900000, 0x0000000088900000|100%| O|  |TAMS 0x0000000088900000, 0x0000000088800000| Untracked 
|  93|0x0000000088900000, 0x00000000889fffc0, 0x0000000088a00000| 99%| O|  |TAMS 0x00000000889fffc0, 0x0000000088900000| Untracked 
|  94|0x0000000088a00000, 0x0000000088affff8, 0x0000000088b00000| 99%| O|  |TAMS 0x0000000088affff8, 0x0000000088a00000| Untracked 
|  95|0x0000000088b00000, 0x0000000088bfff70, 0x0000000088c00000| 99%| O|  |TAMS 0x0000000088bfff70, 0x0000000088b00000| Untracked 
|  96|0x0000000088c00000, 0x0000000088cfffc8, 0x0000000088d00000| 99%| O|  |TAMS 0x0000000088cfffc8, 0x0000000088c00000| Untracked 
|  97|0x0000000088d00000, 0x0000000088dfffe8, 0x0000000088e00000| 99%| O|  |TAMS 0x0000000088dfffe8, 0x0000000088d00000| Untracked 
|  98|0x0000000088e00000, 0x0000000088efffe8, 0x0000000088f00000| 99%| O|  |TAMS 0x0000000088efffe8, 0x0000000088e00000| Untracked 
|  99|0x0000000088f00000, 0x0000000088fffff8, 0x0000000089000000| 99%| O|  |TAMS 0x0000000088fffff8, 0x0000000088f00000| Untracked 
| 100|0x0000000089000000, 0x00000000890ffff8, 0x0000000089100000| 99%| O|  |TAMS 0x00000000890ffff8, 0x0000000089000000| Untracked 
| 101|0x0000000089100000, 0x00000000891fffe8, 0x0000000089200000| 99%| O|  |TAMS 0x00000000891fffe8, 0x0000000089100000| Untracked 
| 102|0x0000000089200000, 0x00000000892ffff0, 0x0000000089300000| 99%| O|  |TAMS 0x00000000892ffff0, 0x0000000089200000| Untracked 
| 103|0x0000000089300000, 0x00000000893ffff0, 0x0000000089400000| 99%| O|  |TAMS 0x00000000893ffff0, 0x0000000089300000| Untracked 
| 104|0x0000000089400000, 0x00000000894fffe0, 0x0000000089500000| 99%| O|  |TAMS 0x00000000894fffe0, 0x0000000089400000| Untracked 
| 105|0x0000000089500000, 0x00000000895fffd0, 0x0000000089600000| 99%| O|  |TAMS 0x00000000895fffd0, 0x0000000089500000| Untracked 
| 106|0x0000000089600000, 0x00000000896fffe0, 0x0000000089700000| 99%| O|  |TAMS 0x00000000896fffe0, 0x0000000089600000| Untracked 
| 107|0x0000000089700000, 0x00000000897fffd0, 0x0000000089800000| 99%| O|  |TAMS 0x00000000897fffd0, 0x0000000089700000| Untracked 
| 108|0x0000000089800000, 0x00000000898ffff0, 0x0000000089900000| 99%| O|  |TAMS 0x00000000898ffff0, 0x0000000089800000| Untracked 
| 109|0x0000000089900000, 0x00000000899ffff0, 0x0000000089a00000| 99%| O|  |TAMS 0x00000000899ffff0, 0x0000000089900000| Untracked 
| 110|0x0000000089a00000, 0x0000000089affff8, 0x0000000089b00000| 99%| O|  |TAMS 0x0000000089affff8, 0x0000000089a00000| Untracked 
| 111|0x0000000089b00000, 0x0000000089bffff8, 0x0000000089c00000| 99%| O|  |TAMS 0x0000000089bffff8, 0x0000000089b00000| Untracked 
| 112|0x0000000089c00000, 0x0000000089cffff0, 0x0000000089d00000| 99%| O|  |TAMS 0x0000000089cffff0, 0x0000000089c00000| Untracked 
| 113|0x0000000089d00000, 0x0000000089dffff0, 0x0000000089e00000| 99%| O|  |TAMS 0x0000000089dffff0, 0x0000000089d00000| Untracked 
| 114|0x0000000089e00000, 0x0000000089efffe0, 0x0000000089f00000| 99%| O|  |TAMS 0x0000000089efffe0, 0x0000000089e00000| Untracked 
| 115|0x0000000089f00000, 0x000000008a000000, 0x000000008a000000|100%| O|  |TAMS 0x000000008a000000, 0x0000000089f00000| Untracked 
| 116|0x000000008a000000, 0x000000008a0ffff8, 0x000000008a100000| 99%| O|  |TAMS 0x000000008a0ffff8, 0x000000008a000000| Untracked 
| 117|0x000000008a100000, 0x000000008a1fffd0, 0x000000008a200000| 99%| O|  |TAMS 0x000000008a1fffd0, 0x000000008a100000| Untracked 
| 118|0x000000008a200000, 0x000000008a2fffd0, 0x000000008a300000| 99%| O|  |TAMS 0x000000008a2fffd0, 0x000000008a200000| Untracked 
| 119|0x000000008a300000, 0x000000008a3ffff8, 0x000000008a400000| 99%| O|  |TAMS 0x000000008a3ffff8, 0x000000008a300000| Untracked 
| 120|0x000000008a400000, 0x000000008a4fffb8, 0x000000008a500000| 99%| O|  |TAMS 0x000000008a4fffb8, 0x000000008a400000| Untracked 
| 121|0x000000008a500000, 0x000000008a5fffe0, 0x000000008a600000| 99%| O|  |TAMS 0x000000008a5fffe0, 0x000000008a500000| Untracked 
| 122|0x000000008a600000, 0x000000008a6fffe0, 0x000000008a700000| 99%| O|  |TAMS 0x000000008a6fffe0, 0x000000008a600000| Untracked 
| 123|0x000000008a700000, 0x000000008a7fffe0, 0x000000008a800000| 99%| O|  |TAMS 0x000000008a7fffe0, 0x000000008a700000| Untracked 
| 124|0x000000008a800000, 0x000000008a8fffd8, 0x000000008a900000| 99%| O|  |TAMS 0x000000008a8fffd8, 0x000000008a800000| Untracked 
| 125|0x000000008a900000, 0x000000008a9fffc8, 0x000000008aa00000| 99%| O|  |TAMS 0x000000008a9fffc8, 0x000000008a900000| Untracked 
| 126|0x000000008aa00000, 0x000000008ab00000, 0x000000008ab00000|100%| O|  |TAMS 0x000000008ab00000, 0x000000008aa00000| Untracked 
| 127|0x000000008ab00000, 0x000000008abffff8, 0x000000008ac00000| 99%| O|  |TAMS 0x000000008abffff8, 0x000000008ab00000| Untracked 
| 128|0x000000008ac00000, 0x000000008acffea8, 0x000000008ad00000| 99%| O|  |TAMS 0x000000008acffea8, 0x000000008ac00000| Untracked 
| 129|0x000000008ad00000, 0x000000008adffff8, 0x000000008ae00000| 99%| O|  |TAMS 0x000000008adffff8, 0x000000008ad00000| Untracked 
| 130|0x000000008ae00000, 0x000000008af00000, 0x000000008af00000|100%| O|  |TAMS 0x000000008af00000, 0x000000008ae00000| Untracked 
| 131|0x000000008af00000, 0x000000008affffd8, 0x000000008b000000| 99%| O|  |TAMS 0x000000008affffd8, 0x000000008af00000| Untracked 
| 132|0x000000008b000000, 0x000000008b100000, 0x000000008b100000|100%| O|  |TAMS 0x000000008b100000, 0x000000008b000000| Untracked 
| 133|0x000000008b100000, 0x000000008b1ff2c8, 0x000000008b200000| 99%| O|  |TAMS 0x000000008b1ff2c8, 0x000000008b100000| Untracked 
| 134|0x000000008b200000, 0x000000008b2fffd0, 0x000000008b300000| 99%| O|  |TAMS 0x000000008b2fffd0, 0x000000008b200000| Untracked 
| 135|0x000000008b300000, 0x000000008b3ffff0, 0x000000008b400000| 99%| O|  |TAMS 0x000000008b3ffff0, 0x000000008b300000| Untracked 
| 136|0x000000008b400000, 0x000000008b4fffe8, 0x000000008b500000| 99%| O|  |TAMS 0x000000008b4fffe8, 0x000000008b400000| Untracked 
| 137|0x000000008b500000, 0x000000008b5ffff8, 0x000000008b600000| 99%| O|  |TAMS 0x000000008b5ffff8, 0x000000008b500000| Untracked 
| 138|0x000000008b600000, 0x000000008b6fffd8, 0x000000008b700000| 99%| O|  |TAMS 0x000000008b6fffd8, 0x000000008b600000| Untracked 
| 139|0x000000008b700000, 0x000000008b7fffd0, 0x000000008b800000| 99%| O|  |TAMS 0x000000008b7fffd0, 0x000000008b700000| Untracked 
| 140|0x000000008b800000, 0x000000008b8ffe18, 0x000000008b900000| 99%| O|  |TAMS 0x000000008b8ffe18, 0x000000008b800000| Untracked 
| 141|0x000000008b900000, 0x000000008b9ffff8, 0x000000008ba00000| 99%| O|  |TAMS 0x000000008b9ffff8, 0x000000008b900000| Untracked 
| 142|0x000000008ba00000, 0x000000008bafffe8, 0x000000008bb00000| 99%| O|  |TAMS 0x000000008bafffe8, 0x000000008ba00000| Untracked 
| 143|0x000000008bb00000, 0x000000008bc00000, 0x000000008bc00000|100%| O|  |TAMS 0x000000008bc00000, 0x000000008bb00000| Untracked 
| 144|0x000000008bc00000, 0x000000008bd00000, 0x000000008bd00000|100%| O|  |TAMS 0x000000008bd00000, 0x000000008bc00000| Untracked 
| 145|0x000000008bd00000, 0x000000008bdffeb8, 0x000000008be00000| 99%| O|  |TAMS 0x000000008bdffeb8, 0x000000008bd00000| Untracked 
| 146|0x000000008be00000, 0x000000008befffe0, 0x000000008bf00000| 99%| O|  |TAMS 0x000000008befffe0, 0x000000008be00000| Untracked 
| 147|0x000000008bf00000, 0x000000008bffffe8, 0x000000008c000000| 99%| O|  |TAMS 0x000000008bffffe8, 0x000000008bf00000| Untracked 
| 148|0x000000008c000000, 0x000000008c0fffe0, 0x000000008c100000| 99%| O|  |TAMS 0x000000008c0fffe0, 0x000000008c000000| Untracked 
| 149|0x000000008c100000, 0x000000008c1fffe0, 0x000000008c200000| 99%| O|  |TAMS 0x000000008c1fffe0, 0x000000008c100000| Untracked 
| 150|0x000000008c200000, 0x000000008c2fffb8, 0x000000008c300000| 99%| O|  |TAMS 0x000000008c2fffb8, 0x000000008c200000| Untracked 
| 151|0x000000008c300000, 0x000000008c3ffff8, 0x000000008c400000| 99%| O|  |TAMS 0x000000008c3ffff8, 0x000000008c300000| Untracked 
| 152|0x000000008c400000, 0x000000008c500000, 0x000000008c500000|100%| O|  |TAMS 0x000000008c500000, 0x000000008c400000| Untracked 
| 153|0x000000008c500000, 0x000000008c600000, 0x000000008c600000|100%| O|  |TAMS 0x000000008c600000, 0x000000008c500000| Untracked 
| 154|0x000000008c600000, 0x000000008c6fffe0, 0x000000008c700000| 99%| O|  |TAMS 0x000000008c6fffe0, 0x000000008c600000| Untracked 
| 155|0x000000008c700000, 0x000000008c7fffe0, 0x000000008c800000| 99%| O|  |TAMS 0x000000008c7fffe0, 0x000000008c700000| Untracked 
| 156|0x000000008c800000, 0x000000008c8ee478, 0x000000008c900000| 93%| O|  |TAMS 0x000000008c8ee478, 0x000000008c800000| Untracked 
| 157|0x000000008c900000, 0x000000008c9ffff8, 0x000000008ca00000| 99%| O|  |TAMS 0x000000008c9ffff8, 0x000000008c900000| Untracked 
| 158|0x000000008ca00000, 0x000000008caffff0, 0x000000008cb00000| 99%| O|  |TAMS 0x000000008caffff0, 0x000000008ca00000| Untracked 
| 159|0x000000008cb00000, 0x000000008cbfffd0, 0x000000008cc00000| 99%| O|  |TAMS 0x000000008cbfffd0, 0x000000008cb00000| Untracked 
| 160|0x000000008cc00000, 0x000000008cd00000, 0x000000008cd00000|100%| O|  |TAMS 0x000000008cd00000, 0x000000008cc00000| Untracked 
| 161|0x000000008cd00000, 0x000000008cdc39a0, 0x000000008ce00000| 76%| O|  |TAMS 0x000000008cdc39a0, 0x000000008cd00000| Untracked 
| 162|0x000000008ce00000, 0x000000008cf00000, 0x000000008cf00000|100%| O|  |TAMS 0x000000008cf00000, 0x000000008ce00000| Untracked 
| 163|0x000000008cf00000, 0x000000008cffffe8, 0x000000008d000000| 99%| O|  |TAMS 0x000000008cffffe8, 0x000000008cf00000| Untracked 
| 164|0x000000008d000000, 0x000000008d0d9000, 0x000000008d100000| 84%| O|  |TAMS 0x000000008d0d9000, 0x000000008d000000| Untracked 
| 165|0x000000008d100000, 0x000000008d200000, 0x000000008d200000|100%| O|  |TAMS 0x000000008d200000, 0x000000008d100000| Untracked 
| 166|0x000000008d200000, 0x000000008d215ef0, 0x000000008d300000|  8%| O|  |TAMS 0x000000008d215ef0, 0x000000008d200000| Untracked 
| 167|0x000000008d300000, 0x000000008d400000, 0x000000008d400000|100%| O|  |TAMS 0x000000008d400000, 0x000000008d300000| Untracked 
| 168|0x000000008d400000, 0x000000008d500000, 0x000000008d500000|100%| O|  |TAMS 0x000000008d500000, 0x000000008d400000| Untracked 
| 169|0x000000008d500000, 0x000000008d600000, 0x000000008d600000|100%| O|  |TAMS 0x000000008d600000, 0x000000008d500000| Untracked 
| 170|0x000000008d600000, 0x000000008d700000, 0x000000008d700000|100%| O|  |TAMS 0x000000008d700000, 0x000000008d600000| Untracked 
| 171|0x000000008d700000, 0x000000008d800000, 0x000000008d800000|100%| O|  |TAMS 0x000000008d800000, 0x000000008d700000| Untracked 
| 172|0x000000008d800000, 0x000000008d900000, 0x000000008d900000|100%| O|  |TAMS 0x000000008d900000, 0x000000008d800000| Untracked 
| 173|0x000000008d900000, 0x000000008da00000, 0x000000008da00000|100%| O|  |TAMS 0x000000008da00000, 0x000000008d900000| Untracked 
| 174|0x000000008da00000, 0x000000008db00000, 0x000000008db00000|100%| O|  |TAMS 0x000000008db00000, 0x000000008da00000| Untracked 
| 175|0x000000008db00000, 0x000000008dc00000, 0x000000008dc00000|100%| O|  |TAMS 0x000000008dc00000, 0x000000008db00000| Untracked 
| 176|0x000000008dc00000, 0x000000008dd00000, 0x000000008dd00000|100%| O|  |TAMS 0x000000008dd00000, 0x000000008dc00000| Untracked 
| 177|0x000000008dd00000, 0x000000008de00000, 0x000000008de00000|100%| O|  |TAMS 0x000000008de00000, 0x000000008dd00000| Untracked 
| 178|0x000000008de00000, 0x000000008df00000, 0x000000008df00000|100%| O|  |TAMS 0x000000008df00000, 0x000000008de00000| Untracked 
| 179|0x000000008df00000, 0x000000008e000000, 0x000000008e000000|100%| O|  |TAMS 0x000000008e000000, 0x000000008df00000| Untracked 
| 180|0x000000008e000000, 0x000000008e100000, 0x000000008e100000|100%| O|  |TAMS 0x000000008e100000, 0x000000008e000000| Untracked 
| 181|0x000000008e100000, 0x000000008e200000, 0x000000008e200000|100%| O|  |TAMS 0x000000008e200000, 0x000000008e100000| Untracked 
| 182|0x000000008e200000, 0x000000008e300000, 0x000000008e300000|100%| O|  |TAMS 0x000000008e300000, 0x000000008e200000| Untracked 
| 183|0x000000008e300000, 0x000000008e400000, 0x000000008e400000|100%| O|  |TAMS 0x000000008e400000, 0x000000008e300000| Untracked 
| 184|0x000000008e400000, 0x000000008e500000, 0x000000008e500000|100%| O|  |TAMS 0x000000008e500000, 0x000000008e400000| Untracked 
| 185|0x000000008e500000, 0x000000008e600000, 0x000000008e600000|100%| O|  |TAMS 0x000000008e600000, 0x000000008e500000| Untracked 
| 186|0x000000008e600000, 0x000000008e6f8200, 0x000000008e700000| 96%| O|  |TAMS 0x000000008e6f8200, 0x000000008e600000| Untracked 
| 187|0x000000008e700000, 0x000000008e700000, 0x000000008e800000|  0%| F|  |TAMS 0x000000008e700000, 0x000000008e700000| Untracked 
| 188|0x000000008e800000, 0x000000008e800000, 0x000000008e900000|  0%| F|  |TAMS 0x000000008e800000, 0x000000008e800000| Untracked 
| 189|0x000000008e900000, 0x000000008e900000, 0x000000008ea00000|  0%| F|  |TAMS 0x000000008e900000, 0x000000008e900000| Untracked 
| 190|0x000000008ea00000, 0x000000008ea00000, 0x000000008eb00000|  0%| F|  |TAMS 0x000000008ea00000, 0x000000008ea00000| Untracked 
| 191|0x000000008eb00000, 0x000000008eb00000, 0x000000008ec00000|  0%| F|  |TAMS 0x000000008eb00000, 0x000000008eb00000| Untracked 
| 192|0x000000008ec00000, 0x000000008ec00000, 0x000000008ed00000|  0%| F|  |TAMS 0x000000008ec00000, 0x000000008ec00000| Untracked 
| 193|0x000000008ed00000, 0x000000008ed00000, 0x000000008ee00000|  0%| F|  |TAMS 0x000000008ed00000, 0x000000008ed00000| Untracked 
| 194|0x000000008ee00000, 0x000000008ee00000, 0x000000008ef00000|  0%| F|  |TAMS 0x000000008ee00000, 0x000000008ee00000| Untracked 
| 195|0x000000008ef00000, 0x000000008ef00000, 0x000000008f000000|  0%| F|  |TAMS 0x000000008ef00000, 0x000000008ef00000| Untracked 
| 196|0x000000008f000000, 0x000000008f000000, 0x000000008f100000|  0%| F|  |TAMS 0x000000008f000000, 0x000000008f000000| Untracked 
| 197|0x000000008f100000, 0x000000008f100000, 0x000000008f200000|  0%| F|  |TAMS 0x000000008f100000, 0x000000008f100000| Untracked 
| 198|0x000000008f200000, 0x000000008f200000, 0x000000008f300000|  0%| F|  |TAMS 0x000000008f200000, 0x000000008f200000| Untracked 
| 199|0x000000008f300000, 0x000000008f300000, 0x000000008f400000|  0%| F|  |TAMS 0x000000008f300000, 0x000000008f300000| Untracked 
| 200|0x000000008f400000, 0x000000008f400000, 0x000000008f500000|  0%| F|  |TAMS 0x000000008f400000, 0x000000008f400000| Untracked 
| 201|0x000000008f500000, 0x000000008f500000, 0x000000008f600000|  0%| F|  |TAMS 0x000000008f500000, 0x000000008f500000| Untracked 
| 202|0x000000008f600000, 0x000000008f600000, 0x000000008f700000|  0%| F|  |TAMS 0x000000008f600000, 0x000000008f600000| Untracked 
| 203|0x000000008f700000, 0x000000008f700000, 0x000000008f800000|  0%| F|  |TAMS 0x000000008f700000, 0x000000008f700000| Untracked 
| 204|0x000000008f800000, 0x000000008f800000, 0x000000008f900000|  0%| F|  |TAMS 0x000000008f800000, 0x000000008f800000| Untracked 
| 205|0x000000008f900000, 0x000000008f900000, 0x000000008fa00000|  0%| F|  |TAMS 0x000000008f900000, 0x000000008f900000| Untracked 
| 206|0x000000008fa00000, 0x000000008fa00000, 0x000000008fb00000|  0%| F|  |TAMS 0x000000008fa00000, 0x000000008fa00000| Untracked 
| 207|0x000000008fb00000, 0x000000008fb00000, 0x000000008fc00000|  0%| F|  |TAMS 0x000000008fb00000, 0x000000008fb00000| Untracked 
| 208|0x000000008fc00000, 0x000000008fc00000, 0x000000008fd00000|  0%| F|  |TAMS 0x000000008fc00000, 0x000000008fc00000| Untracked 
| 209|0x000000008fd00000, 0x000000008fd00000, 0x000000008fe00000|  0%| F|  |TAMS 0x000000008fd00000, 0x000000008fd00000| Untracked 
| 210|0x000000008fe00000, 0x000000008fe00000, 0x000000008ff00000|  0%| F|  |TAMS 0x000000008fe00000, 0x000000008fe00000| Untracked 
| 211|0x000000008ff00000, 0x000000008ff00000, 0x0000000090000000|  0%| F|  |TAMS 0x000000008ff00000, 0x000000008ff00000| Untracked 
| 212|0x0000000090000000, 0x0000000090000000, 0x0000000090100000|  0%| F|  |TAMS 0x0000000090000000, 0x0000000090000000| Untracked 
| 213|0x0000000090100000, 0x0000000090100000, 0x0000000090200000|  0%| F|  |TAMS 0x0000000090100000, 0x0000000090100000| Untracked 
| 214|0x0000000090200000, 0x0000000090200000, 0x0000000090300000|  0%| F|  |TAMS 0x0000000090200000, 0x0000000090200000| Untracked 
| 215|0x0000000090300000, 0x0000000090300000, 0x0000000090400000|  0%| F|  |TAMS 0x0000000090300000, 0x0000000090300000| Untracked 
| 216|0x0000000090400000, 0x0000000090400000, 0x0000000090500000|  0%| F|  |TAMS 0x0000000090400000, 0x0000000090400000| Untracked 
| 217|0x0000000090500000, 0x0000000090500000, 0x0000000090600000|  0%| F|  |TAMS 0x0000000090500000, 0x0000000090500000| Untracked 
| 218|0x0000000090600000, 0x0000000090600000, 0x0000000090700000|  0%| F|  |TAMS 0x0000000090600000, 0x0000000090600000| Untracked 
| 219|0x0000000090700000, 0x0000000090700000, 0x0000000090800000|  0%| F|  |TAMS 0x0000000090700000, 0x0000000090700000| Untracked 
| 220|0x0000000090800000, 0x0000000090800000, 0x0000000090900000|  0%| F|  |TAMS 0x0000000090800000, 0x0000000090800000| Untracked 
| 221|0x0000000090900000, 0x0000000090900000, 0x0000000090a00000|  0%| F|  |TAMS 0x0000000090900000, 0x0000000090900000| Untracked 
| 222|0x0000000090a00000, 0x0000000090a00000, 0x0000000090b00000|  0%| F|  |TAMS 0x0000000090a00000, 0x0000000090a00000| Untracked 
| 223|0x0000000090b00000, 0x0000000090bab450, 0x0000000090c00000| 66%| S|CS|TAMS 0x0000000090b00000, 0x0000000090b00000| Complete 
| 224|0x0000000090c00000, 0x0000000090d00000, 0x0000000090d00000|100%| S|CS|TAMS 0x0000000090c00000, 0x0000000090c00000| Complete 
| 225|0x0000000090d00000, 0x0000000090d00000, 0x0000000090e00000|  0%| F|  |TAMS 0x0000000090d00000, 0x0000000090d00000| Untracked 
| 226|0x0000000090e00000, 0x0000000090e00000, 0x0000000090f00000|  0%| F|  |TAMS 0x0000000090e00000, 0x0000000090e00000| Untracked 
| 227|0x0000000090f00000, 0x0000000090f00000, 0x0000000091000000|  0%| F|  |TAMS 0x0000000090f00000, 0x0000000090f00000| Untracked 
| 228|0x0000000091000000, 0x0000000091000000, 0x0000000091100000|  0%| F|  |TAMS 0x0000000091000000, 0x0000000091000000| Untracked 
| 229|0x0000000091100000, 0x0000000091100000, 0x0000000091200000|  0%| F|  |TAMS 0x0000000091100000, 0x0000000091100000| Untracked 
| 230|0x0000000091200000, 0x0000000091200000, 0x0000000091300000|  0%| F|  |TAMS 0x0000000091200000, 0x0000000091200000| Untracked 
| 231|0x0000000091300000, 0x0000000091300000, 0x0000000091400000|  0%| F|  |TAMS 0x0000000091300000, 0x0000000091300000| Untracked 
| 232|0x0000000091400000, 0x0000000091400000, 0x0000000091500000|  0%| F|  |TAMS 0x0000000091400000, 0x0000000091400000| Untracked 
| 233|0x0000000091500000, 0x0000000091500000, 0x0000000091600000|  0%| F|  |TAMS 0x0000000091500000, 0x0000000091500000| Untracked 
| 234|0x0000000091600000, 0x0000000091600000, 0x0000000091700000|  0%| F|  |TAMS 0x0000000091600000, 0x0000000091600000| Untracked 
| 235|0x0000000091700000, 0x0000000091700000, 0x0000000091800000|  0%| F|  |TAMS 0x0000000091700000, 0x0000000091700000| Untracked 
| 236|0x0000000091800000, 0x0000000091800000, 0x0000000091900000|  0%| F|  |TAMS 0x0000000091800000, 0x0000000091800000| Untracked 
| 237|0x0000000091900000, 0x0000000091900000, 0x0000000091a00000|  0%| F|  |TAMS 0x0000000091900000, 0x0000000091900000| Untracked 
| 238|0x0000000091a00000, 0x0000000091a00000, 0x0000000091b00000|  0%| F|  |TAMS 0x0000000091a00000, 0x0000000091a00000| Untracked 
| 239|0x0000000091b00000, 0x0000000091b00000, 0x0000000091c00000|  0%| F|  |TAMS 0x0000000091b00000, 0x0000000091b00000| Untracked 
| 240|0x0000000091c00000, 0x0000000091c00000, 0x0000000091d00000|  0%| F|  |TAMS 0x0000000091c00000, 0x0000000091c00000| Untracked 
| 241|0x0000000091d00000, 0x0000000091d00000, 0x0000000091e00000|  0%| F|  |TAMS 0x0000000091d00000, 0x0000000091d00000| Untracked 
| 242|0x0000000091e00000, 0x0000000091e00000, 0x0000000091f00000|  0%| F|  |TAMS 0x0000000091e00000, 0x0000000091e00000| Untracked 
| 243|0x0000000091f00000, 0x0000000091f00000, 0x0000000092000000|  0%| F|  |TAMS 0x0000000091f00000, 0x0000000091f00000| Untracked 
| 244|0x0000000092000000, 0x0000000092000000, 0x0000000092100000|  0%| F|  |TAMS 0x0000000092000000, 0x0000000092000000| Untracked 
| 245|0x0000000092100000, 0x0000000092100000, 0x0000000092200000|  0%| F|  |TAMS 0x0000000092100000, 0x0000000092100000| Untracked 
| 246|0x0000000092200000, 0x0000000092200000, 0x0000000092300000|  0%| F|  |TAMS 0x0000000092200000, 0x0000000092200000| Untracked 
| 247|0x0000000092300000, 0x0000000092300000, 0x0000000092400000|  0%| F|  |TAMS 0x0000000092300000, 0x0000000092300000| Untracked 
| 248|0x0000000092400000, 0x0000000092400000, 0x0000000092500000|  0%| F|  |TAMS 0x0000000092400000, 0x0000000092400000| Untracked 
| 249|0x0000000092500000, 0x0000000092500000, 0x0000000092600000|  0%| F|  |TAMS 0x0000000092500000, 0x0000000092500000| Untracked 
| 250|0x0000000092600000, 0x0000000092600000, 0x0000000092700000|  0%| F|  |TAMS 0x0000000092600000, 0x0000000092600000| Untracked 
| 251|0x0000000092700000, 0x0000000092700000, 0x0000000092800000|  0%| F|  |TAMS 0x0000000092700000, 0x0000000092700000| Untracked 
| 252|0x0000000092800000, 0x0000000092800000, 0x0000000092900000|  0%| F|  |TAMS 0x0000000092800000, 0x0000000092800000| Untracked 
| 253|0x0000000092900000, 0x0000000092900000, 0x0000000092a00000|  0%| F|  |TAMS 0x0000000092900000, 0x0000000092900000| Untracked 
| 254|0x0000000092a00000, 0x0000000092a00000, 0x0000000092b00000|  0%| F|  |TAMS 0x0000000092a00000, 0x0000000092a00000| Untracked 
| 255|0x0000000092b00000, 0x0000000092b00000, 0x0000000092c00000|  0%| F|  |TAMS 0x0000000092b00000, 0x0000000092b00000| Untracked 
| 256|0x0000000092c00000, 0x0000000092c00000, 0x0000000092d00000|  0%| F|  |TAMS 0x0000000092c00000, 0x0000000092c00000| Untracked 
| 257|0x0000000092d00000, 0x0000000092d00000, 0x0000000092e00000|  0%| F|  |TAMS 0x0000000092d00000, 0x0000000092d00000| Untracked 
| 258|0x0000000092e00000, 0x0000000092e00000, 0x0000000092f00000|  0%| F|  |TAMS 0x0000000092e00000, 0x0000000092e00000| Untracked 
| 259|0x0000000092f00000, 0x0000000092f00000, 0x0000000093000000|  0%| F|  |TAMS 0x0000000092f00000, 0x0000000092f00000| Untracked 
| 260|0x0000000093000000, 0x0000000093000000, 0x0000000093100000|  0%| F|  |TAMS 0x0000000093000000, 0x0000000093000000| Untracked 
| 261|0x0000000093100000, 0x0000000093100000, 0x0000000093200000|  0%| F|  |TAMS 0x0000000093100000, 0x0000000093100000| Untracked 
| 262|0x0000000093200000, 0x0000000093200000, 0x0000000093300000|  0%| F|  |TAMS 0x0000000093200000, 0x0000000093200000| Untracked 
| 263|0x0000000093300000, 0x0000000093300000, 0x0000000093400000|  0%| F|  |TAMS 0x0000000093300000, 0x0000000093300000| Untracked 
| 264|0x0000000093400000, 0x0000000093400000, 0x0000000093500000|  0%| F|  |TAMS 0x0000000093400000, 0x0000000093400000| Untracked 
| 265|0x0000000093500000, 0x000000009357bf60, 0x0000000093600000| 48%| E|  |TAMS 0x0000000093500000, 0x0000000093500000| Complete 
| 266|0x0000000093600000, 0x0000000093700000, 0x0000000093700000|100%| E|CS|TAMS 0x0000000093600000, 0x0000000093600000| Complete 
| 267|0x0000000093700000, 0x0000000093800000, 0x0000000093800000|100%| E|CS|TAMS 0x0000000093700000, 0x0000000093700000| Complete 
| 268|0x0000000093800000, 0x0000000093900000, 0x0000000093900000|100%| E|CS|TAMS 0x0000000093800000, 0x0000000093800000| Complete 
| 269|0x0000000093900000, 0x0000000093a00000, 0x0000000093a00000|100%| E|CS|TAMS 0x0000000093900000, 0x0000000093900000| Complete 
| 270|0x0000000093a00000, 0x0000000093b00000, 0x0000000093b00000|100%| E|CS|TAMS 0x0000000093a00000, 0x0000000093a00000| Complete 
| 271|0x0000000093b00000, 0x0000000093c00000, 0x0000000093c00000|100%| E|CS|TAMS 0x0000000093b00000, 0x0000000093b00000| Complete 
| 272|0x0000000093c00000, 0x0000000093d00000, 0x0000000093d00000|100%| E|CS|TAMS 0x0000000093c00000, 0x0000000093c00000| Complete 
| 273|0x0000000093d00000, 0x0000000093e00000, 0x0000000093e00000|100%| E|CS|TAMS 0x0000000093d00000, 0x0000000093d00000| Complete 

Card table byte_map: [0x0000022348170000,0x0000022348560000] _byte_map_base: 0x0000022347d5a000

Marking Bits (Prev, Next): (CMBitMap*) 0x000002233090a220, (CMBitMap*) 0x000002233090a1e8
 Prev Bits: [0x000002234a8a0000, 0x000002234c7f0000)
 Next Bits: [0x0000022348950000, 0x000002234a8a0000)

Polling page: 0x00000223300a0000

Metaspace:

Usage:
  Non-class:    104.01 MB capacity,   102.10 MB ( 98%) used,     1.57 MB (  2%) free+waste,   347.50 KB ( <1%) overhead. 
      Class:     13.48 MB capacity,    12.40 MB ( 92%) used,   959.30 KB (  7%) free+waste,   143.13 KB (  1%) overhead. 
       Both:    117.49 MB capacity,   114.50 MB ( 97%) used,     2.51 MB (  2%) free+waste,   490.63 KB ( <1%) overhead. 

Virtual space:
  Non-class space:      106.00 MB reserved,     104.15 MB ( 98%) committed 
      Class space:        1.00 GB reserved,      13.50 MB (  1%) committed 
             Both:        1.10 GB reserved,     117.65 MB ( 10%) committed 

Chunk freelists:
   Non-Class:  9.75 KB
       Class:  2.88 KB
        Both:  12.63 KB

CodeHeap 'non-profiled nmethods': size=120064Kb used=20106Kb max_used=20106Kb free=99957Kb
 bounds [0x0000022340840000, 0x0000022341bf0000, 0x0000022347d80000]
CodeHeap 'profiled nmethods': size=120000Kb used=43630Kb max_used=44041Kb free=76369Kb
 bounds [0x0000022339310000, 0x000002233bed0000, 0x0000022340840000]
CodeHeap 'non-nmethods': size=5696Kb used=2394Kb max_used=2623Kb free=3301Kb
 bounds [0x0000022338d80000, 0x0000022339030000, 0x0000022339310000]
 total_blobs=19149 nmethods=18227 adapters=840
 compilation: enabled
              stopped_count=0, restarted_count=0
 full_count=0

Compilation events (10 events):
Event: 1599.170 Thread 0x000002234ed0d000 22532       3       org.springframework.util.AntPathMatcher$AntPatternComparator::<init> (10 bytes)
Event: 1599.170 Thread 0x000002234ed0d000 nmethod 22532 0x000002233a2fca10 code [0x000002233a2fcbc0, 0x000002233a2fcd78]
Event: 1599.170 Thread 0x000002234ed0d000 22534       3       org.springframework.web.servlet.handler.AbstractUrlHandlerMapping::lookupHandler (600 bytes)
Event: 1599.178 Thread 0x000002234ed0d000 nmethod 22534 0x000002233beb8b10 code [0x000002233beb9600, 0x000002233bec0848]
Event: 1599.178 Thread 0x000002234ed0d000 22533       3       org.springframework.web.servlet.handler.AbstractUrlHandlerMapping::getHandlerInternal (206 bytes)
Event: 1599.180 Thread 0x000002234ed0d000 nmethod 22533 0x000002233bec3110 code [0x000002233bec3560, 0x000002233bec56e8]
Event: 1609.734 Thread 0x000002234ed0d000 22535   !   3       org.apache.catalina.core.StandardContext::getManager (38 bytes)
Event: 1609.736 Thread 0x000002234ed0d000 nmethod 22535 0x000002233a4e1c90 code [0x000002233a4e1ee0, 0x000002233a4e2738]
Event: 1637.891 Thread 0x000002234ed08800 22536       4       java.util.Collections$SetFromMap::iterator (10 bytes)
Event: 1637.892 Thread 0x000002234ed08800 nmethod 22536 0x0000022341be5b10 code [0x0000022341be5ca0, 0x0000022341be5d38]

GC Heap History (10 events):
Event: 1590.407 GC heap before
{Heap before GC invocations=218 (full 9):
 garbage-first heap   total 280576K, used 241898K [0x0000000082c00000, 0x0000000100000000)
  region size 1024K, 66 young (67584K), 7 survivors (7168K)
 Metaspace       used 116953K, capacity 120036K, committed 120220K, reserved 1155072K
  class space    used 12686K, capacity 13804K, committed 13824K, reserved 1048576K
}
Event: 1590.414 GC heap after
{Heap after GC invocations=219 (full 9):
 garbage-first heap   total 280576K, used 183578K [0x0000000082c00000, 0x0000000100000000)
  region size 1024K, 5 young (5120K), 5 survivors (5120K)
 Metaspace       used 116953K, capacity 120036K, committed 120220K, reserved 1155072K
  class space    used 12686K, capacity 13804K, committed 13824K, reserved 1048576K
}
Event: 1590.717 GC heap before
{Heap before GC invocations=220 (full 9):
 garbage-first heap   total 280576K, used 241946K [0x0000000082c00000, 0x0000000100000000)
  region size 1024K, 62 young (63488K), 5 survivors (5120K)
 Metaspace       used 117019K, capacity 120102K, committed 120220K, reserved 1155072K
  class space    used 12690K, capacity 13804K, committed 13824K, reserved 1048576K
}
Event: 1590.725 GC heap after
{Heap after GC invocations=221 (full 9):
 garbage-first heap   total 280576K, used 185938K [0x0000000082c00000, 0x0000000100000000)
  region size 1024K, 5 young (5120K), 5 survivors (5120K)
 Metaspace       used 117019K, capacity 120102K, committed 120220K, reserved 1155072K
  class space    used 12690K, capacity 13804K, committed 13824K, reserved 1048576K
}
Event: 1591.270 GC heap before
{Heap before GC invocations=221 (full 9):
 garbage-first heap   total 280576K, used 242258K [0x0000000082c00000, 0x0000000100000000)
  region size 1024K, 60 young (61440K), 5 survivors (5120K)
 Metaspace       used 117026K, capacity 120102K, committed 120220K, reserved 1155072K
  class space    used 12690K, capacity 13804K, committed 13824K, reserved 1048576K
}
Event: 1591.277 GC heap after
{Heap after GC invocations=222 (full 9):
 garbage-first heap   total 280576K, used 187693K [0x0000000082c00000, 0x0000000100000000)
  region size 1024K, 7 young (7168K), 7 survivors (7168K)
 Metaspace       used 117026K, capacity 120102K, committed 120220K, reserved 1155072K
  class space    used 12690K, capacity 13804K, committed 13824K, reserved 1048576K
}
Event: 1596.485 GC heap before
{Heap before GC invocations=223 (full 9):
 garbage-first heap   total 280576K, used 241965K [0x0000000082c00000, 0x0000000100000000)
  region size 1024K, 60 young (61440K), 7 survivors (7168K)
 Metaspace       used 117124K, capacity 120206K, committed 120476K, reserved 1157120K
  class space    used 12692K, capacity 13800K, committed 13824K, reserved 1048576K
}
Event: 1596.494 GC heap after
{Heap after GC invocations=224 (full 9):
 garbage-first heap   total 280576K, used 190776K [0x0000000082c00000, 0x0000000100000000)
  region size 1024K, 8 young (8192K), 8 survivors (8192K)
 Metaspace       used 117124K, capacity 120206K, committed 120476K, reserved 1157120K
  class space    used 12692K, capacity 13800K, committed 13824K, reserved 1048576K
}
Event: 1632.902 GC heap before
{Heap before GC invocations=224 (full 9):
 garbage-first heap   total 280576K, used 240952K [0x0000000082c00000, 0x0000000100000000)
  region size 1024K, 57 young (58368K), 8 survivors (8192K)
 Metaspace       used 117251K, capacity 120307K, committed 120476K, reserved 1157120K
  class space    used 12698K, capacity 13811K, committed 13824K, reserved 1048576K
}
Event: 1632.914 GC heap after
{Heap after GC invocations=225 (full 9):
 garbage-first heap   total 280576K, used 191741K [0x0000000082c00000, 0x0000000100000000)
  region size 1024K, 2 young (2048K), 2 survivors (2048K)
 Metaspace       used 117251K, capacity 120307K, committed 120476K, reserved 1157120K
  class space    used 12698K, capacity 13811K, committed 13824K, reserved 1048576K
}

Deoptimization events (10 events):
Event: 1596.480 Thread 0x0000022352958000 Uncommon trap: reason=unhandled action=none pc=0x0000022340ac41d4 method=java.net.URLClassLoader.findClass(Ljava/lang/String;)Ljava/lang/Class; @ 44 c2
Event: 1596.481 Thread 0x0000022352958000 Uncommon trap: reason=unhandled action=none pc=0x0000022340ac41d4 method=java.net.URLClassLoader.findClass(Ljava/lang/String;)Ljava/lang/Class; @ 44 c2
Event: 1596.482 Thread 0x0000022352958000 Uncommon trap: reason=unhandled action=none pc=0x0000022340ac41d4 method=java.net.URLClassLoader.findClass(Ljava/lang/String;)Ljava/lang/Class; @ 44 c2
Event: 1596.502 Thread 0x0000022352958000 Uncommon trap: reason=unhandled action=none pc=0x00000223413a7730 method=java.lang.Class.getMethod(Ljava/lang/String;[Ljava/lang/Class;)Ljava/lang/reflect/Method; @ 49 c2
Event: 1596.504 Thread 0x0000022352958000 Uncommon trap: reason=unhandled action=none pc=0x00000223413f19a4 method=java.lang.Class.getMethod(Ljava/lang/String;[Ljava/lang/Class;)Ljava/lang/reflect/Method; @ 49 c2
Event: 1596.504 Thread 0x0000022352958000 Uncommon trap: reason=unhandled action=none pc=0x00000223413f19a4 method=java.lang.Class.getMethod(Ljava/lang/String;[Ljava/lang/Class;)Ljava/lang/reflect/Method; @ 49 c2
Event: 1596.504 Thread 0x0000022352958000 Uncommon trap: reason=unhandled action=none pc=0x00000223413f19a4 method=java.lang.Class.getMethod(Ljava/lang/String;[Ljava/lang/Class;)Ljava/lang/reflect/Method; @ 49 c2
Event: 1596.504 Thread 0x0000022352958000 Uncommon trap: reason=unhandled action=none pc=0x00000223413f19a4 method=java.lang.Class.getMethod(Ljava/lang/String;[Ljava/lang/Class;)Ljava/lang/reflect/Method; @ 49 c2
Event: 1596.504 Thread 0x0000022352958000 Uncommon trap: reason=unhandled action=none pc=0x000002234119cd88 method=java.lang.Class.getConstructor0([Ljava/lang/Class;I)Ljava/lang/reflect/Constructor; @ 82 c2
Event: 1597.548 Thread 0x0000022353e3f800 Uncommon trap: reason=unhandled action=none pc=0x0000022340ac41d4 method=java.net.URLClassLoader.findClass(Ljava/lang/String;)Ljava/lang/Class; @ 44 c2

Classes redefined (10 events):
Event: 1638.989 Thread 0x000002234ecbc800 redefined class name=com.rab3tech.admin.ui.controller.LocationController, count=2
Event: 1639.063 Thread 0x000002234ecbc800 redefined class name=com.rab3tech.admin.ui.controller.LocationController, count=7
Event: 1639.134 Thread 0x000002234ecbc800 redefined class name=com.rab3tech.admin.ui.controller.LocationController, count=6
Event: 1639.205 Thread 0x000002234ecbc800 redefined class name=com.rab3tech.admin.ui.controller.LocationController, count=4
Event: 1639.275 Thread 0x000002234ecbc800 redefined class name=com.rab3tech.admin.ui.controller.LocationController, count=8
Event: 1639.347 Thread 0x000002234ecbc800 redefined class name=com.rab3tech.admin.ui.controller.LocationController, count=1
Event: 1639.420 Thread 0x000002234ecbc800 redefined class name=com.rab3tech.admin.ui.controller.LocationController, count=8
Event: 1639.490 Thread 0x000002234ecbc800 redefined class name=com.rab3tech.admin.ui.controller.LocationController, count=5
Event: 1639.562 Thread 0x000002234ecbc800 redefined class name=com.rab3tech.admin.ui.controller.LocationController, count=8
Event: 1639.634 Thread 0x000002234ecbc800 redefined class name=com.rab3tech.admin.ui.controller.LocationController, count=3

Internal exceptions (10 events):
Event: 1591.432 Thread 0x0000022350735800 Exception <a 'java/lang/ClassNotFoundException'{0x0000000092224058}: com/rab3tech/vo/LoginVOBeanInfo> (0x0000000092224058) thrown at [./open/src/hotspot/share/classfile/systemDictionary.cpp, line 228]
Event: 1591.433 Thread 0x0000022350735800 Exception <a 'java/lang/ClassNotFoundException'{0x0000000092234598}: com/rab3tech/vo/LoginVOCustomizer> (0x0000000092234598) thrown at [./open/src/hotspot/share/classfile/systemDictionary.cpp, line 228]
Event: 1594.497 Thread 0x000002235295a800 Exception <a 'java/lang/ClassNotFoundException'{0x00000000911217a0}: java/lang/ObjectCustomizer> (0x00000000911217a0) thrown at [./open/src/hotspot/share/classfile/systemDictionary.cpp, line 228]
Event: 1594.501 Thread 0x000002235295a800 Exception <a 'java/lang/ClassNotFoundException'{0x000000009113a688}: com/rab3tech/vo/LocationVOCustomizer> (0x000000009113a688) thrown at [./open/src/hotspot/share/classfile/systemDictionary.cpp, line 228]
Event: 1594.502 Thread 0x000002235295a800 Exception <a 'java/lang/ClassNotFoundException'{0x000000009114b910}: java/lang/ObjectCustomizer> (0x000000009114b910) thrown at [./open/src/hotspot/share/classfile/systemDictionary.cpp, line 228]
Event: 1594.504 Thread 0x000002235295a800 Exception <a 'java/lang/ClassNotFoundException'{0x00000000911653c0}: com/rab3tech/dao/entity/LocationCustomizer> (0x00000000911653c0) thrown at [./open/src/hotspot/share/classfile/systemDictionary.cpp, line 228]
Event: 1594.505 Thread 0x000002235295a800 Exception <a 'java/lang/ClassNotFoundException'{0x0000000091175a88}: java/lang/ObjectCustomizer> (0x0000000091175a88) thrown at [./open/src/hotspot/share/classfile/systemDictionary.cpp, line 228]
Event: 1594.506 Thread 0x000002235295a800 Exception <a 'java/lang/ClassNotFoundException'{0x000000009118dc50}: com/rab3tech/vo/LoginVOCustomizer> (0x000000009118dc50) thrown at [./open/src/hotspot/share/classfile/systemDictionary.cpp, line 228]
Event: 1594.507 Thread 0x000002235295a800 Exception <a 'java/lang/ClassNotFoundException'{0x00000000911a36d8}: java/lang/ObjectCustomizer> (0x00000000911a36d8) thrown at [./open/src/hotspot/share/classfile/systemDictionary.cpp, line 228]
Event: 1594.509 Thread 0x000002235295a800 Exception <a 'java/lang/ClassNotFoundException'{0x00000000911bc7b8}: com/rab3tech/dao/entity/LoginCustomizer> (0x00000000911bc7b8) thrown at [./open/src/hotspot/share/classfile/systemDictionary.cpp, line 228]

Events (10 events):
Event: 1639.996 Executing VM operation: GetCurrentContendedMonitor done
Event: 1639.996 Executing VM operation: GetFrameCount
Event: 1639.997 Executing VM operation: GetFrameCount done
Event: 1639.997 Executing VM operation: GetOwnedMonitorInfo
Event: 1639.997 Executing VM operation: GetOwnedMonitorInfo done
Event: 1639.997 Executing VM operation: GetCurrentContendedMonitor
Event: 1639.997 Executing VM operation: GetCurrentContendedMonitor done
Event: 1640.022 Executing VM operation: GetFrameLocation
Event: 1640.022 Executing VM operation: GetFrameLocation done
Event: 1640.022 Executing VM operation: GetOrSetLocal


Dynamic libraries:
0x00007ff7bfcf0000 - 0x00007ff7bfcff000 	C:\Program Files\Java\jdk-11.0.12\bin\javaw.exe
0x00007ffe92860000 - 0x00007ffe92a69000 	C:\WINDOWS\SYSTEM32\ntdll.dll
0x00007ffe90a30000 - 0x00007ffe90aed000 	C:\WINDOWS\System32\KERNEL32.DLL
0x00007ffe90120000 - 0x00007ffe90494000 	C:\WINDOWS\System32\KERNELBASE.dll
0x00007ffe8ff60000 - 0x00007ffe90071000 	C:\WINDOWS\System32\ucrtbase.dll
0x00007ffe7f430000 - 0x00007ffe7f448000 	C:\Program Files\Java\jdk-11.0.12\bin\jli.dll
0x00007ffe91ea0000 - 0x00007ffe91f4e000 	C:\WINDOWS\System32\ADVAPI32.dll
0x00007ffe90af0000 - 0x00007ffe90b93000 	C:\WINDOWS\System32\msvcrt.dll
0x00007ffe91010000 - 0x00007ffe910ae000 	C:\WINDOWS\System32\sechost.dll
0x00007ffe91fb0000 - 0x00007ffe920d0000 	C:\WINDOWS\System32\RPCRT4.dll
0x00007ffe91150000 - 0x00007ffe912fc000 	C:\WINDOWS\System32\USER32.dll
0x00007ffe8ff30000 - 0x00007ffe8ff56000 	C:\WINDOWS\System32\win32u.dll
0x00007ffe92780000 - 0x00007ffe927a9000 	C:\WINDOWS\System32\GDI32.dll
0x00007ffe90560000 - 0x00007ffe90672000 	C:\WINDOWS\System32\gdi32full.dll
0x00007ffe90080000 - 0x00007ffe9011d000 	C:\WINDOWS\System32\msvcp_win.dll
0x00007ffe7b510000 - 0x00007ffe7b525000 	C:\Program Files\Java\jdk-11.0.12\bin\VCRUNTIME140.dll
0x00007ffe759d0000 - 0x00007ffe75c75000 	C:\WINDOWS\WinSxS\amd64_microsoft.windows.common-controls_6595b64144ccf1df_6.0.22000.120_none_9d947278b86cc467\COMCTL32.dll
0x00007ffe8a050000 - 0x00007ffe8a05a000 	C:\WINDOWS\SYSTEM32\VERSION.dll
0x00007ffe910b0000 - 0x00007ffe910e1000 	C:\WINDOWS\System32\IMM32.DLL
0x00007ffe79370000 - 0x00007ffe7940b000 	C:\Program Files\Java\jdk-11.0.12\bin\msvcp140.dll
0x00007ffe1d190000 - 0x00007ffe1dc8f000 	C:\Program Files\Java\jdk-11.0.12\bin\server\jvm.dll
0x00007ffe92810000 - 0x00007ffe92818000 	C:\WINDOWS\System32\PSAPI.DLL
0x00007ffe880d0000 - 0x00007ffe880d9000 	C:\WINDOWS\SYSTEM32\WSOCK32.dll
0x00007ffe91c50000 - 0x00007ffe91cbf000 	C:\WINDOWS\System32\WS2_32.dll
0x00007ffe88410000 - 0x00007ffe88443000 	C:\WINDOWS\SYSTEM32\WINMM.dll
0x00007ffe8ee50000 - 0x00007ffe8ee68000 	C:\WINDOWS\SYSTEM32\kernel.appcore.dll
0x00007ffe8c390000 - 0x00007ffe8c3a0000 	C:\Program Files\Java\jdk-11.0.12\bin\verify.dll
0x00007ffe8db00000 - 0x00007ffe8dd21000 	C:\WINDOWS\SYSTEM32\DBGHELP.DLL
0x00007ffe6c670000 - 0x00007ffe6c6a1000 	C:\WINDOWS\SYSTEM32\dbgcore.DLL
0x00007ffe90680000 - 0x00007ffe906ff000 	C:\WINDOWS\System32\bcryptPrimitives.dll
0x00007ffe7a580000 - 0x00007ffe7a5a8000 	C:\Program Files\Java\jdk-11.0.12\bin\java.dll
0x00007ffe88c90000 - 0x00007ffe88c9a000 	C:\Program Files\Java\jdk-11.0.12\bin\jimage.dll
0x00007ffe7a540000 - 0x00007ffe7a578000 	C:\Program Files\Java\jdk-11.0.12\bin\jdwp.dll
0x00007ffe7f400000 - 0x00007ffe7f40e000 	C:\Program Files\Java\jdk-11.0.12\bin\instrument.dll
0x00007ffe7a370000 - 0x00007ffe7a386000 	C:\Program Files\Java\jdk-11.0.12\bin\zip.dll
0x00007ffe914a0000 - 0x00007ffe91c4e000 	C:\WINDOWS\System32\SHELL32.dll
0x00007ffe8dec0000 - 0x00007ffe8e728000 	C:\WINDOWS\SYSTEM32\windows.storage.dll
0x00007ffe92230000 - 0x00007ffe925a8000 	C:\WINDOWS\System32\combase.dll
0x00007ffe8dd50000 - 0x00007ffe8deb6000 	C:\WINDOWS\SYSTEM32\wintypes.dll
0x00007ffe92690000 - 0x00007ffe9277a000 	C:\WINDOWS\System32\SHCORE.dll
0x00007ffe91f50000 - 0x00007ffe91fad000 	C:\WINDOWS\System32\shlwapi.dll
0x00007ffe8fc80000 - 0x00007ffe8fca1000 	C:\WINDOWS\SYSTEM32\profapi.dll
0x00007ffe7f3e0000 - 0x00007ffe7f3ea000 	C:\Program Files\Java\jdk-11.0.12\bin\dt_socket.dll
0x00007ffe8f280000 - 0x00007ffe8f2e7000 	C:\WINDOWS\System32\mswsock.dll
0x00007ffe8e9f0000 - 0x00007ffe8ead7000 	C:\WINDOWS\SYSTEM32\DNSAPI.dll
0x00007ffe8e980000 - 0x00007ffe8e9ad000 	C:\WINDOWS\SYSTEM32\IPHLPAPI.DLL
0x00007ffe920d0000 - 0x00007ffe920d9000 	C:\WINDOWS\System32\NSI.dll
0x00007ffe87410000 - 0x00007ffe87491000 	C:\WINDOWS\System32\fwpuclnt.dll
0x00007ffe87280000 - 0x00007ffe8728a000 	C:\Windows\System32\rasadhlp.dll
0x00007ffe7a350000 - 0x00007ffe7a369000 	C:\Program Files\Java\jdk-11.0.12\bin\net.dll
0x00007ffe88450000 - 0x00007ffe8855c000 	C:\WINDOWS\SYSTEM32\WINHTTP.dll
0x00007ffe7a330000 - 0x00007ffe7a342000 	C:\Program Files\Java\jdk-11.0.12\bin\nio.dll
0x00007ffe7b6f0000 - 0x00007ffe7b6f9000 	C:\Program Files\Java\jdk-11.0.12\bin\management.dll
0x00007ffe7b560000 - 0x00007ffe7b56b000 	C:\Program Files\Java\jdk-11.0.12\bin\management_ext.dll
0x00007ffe83680000 - 0x00007ffe83697000 	C:\WINDOWS\system32\napinsp.dll
0x00007ffe82b00000 - 0x00007ffe82b1b000 	C:\WINDOWS\system32\pnrpnsp.dll
0x00007ffe82ae0000 - 0x00007ffe82af2000 	C:\WINDOWS\System32\winrnr.dll
0x00007ffe880b0000 - 0x00007ffe880c5000 	C:\WINDOWS\system32\wshbth.dll
0x00007ffe82ac0000 - 0x00007ffe82adf000 	C:\WINDOWS\system32\nlansp_c.dll
0x00007ffe8f540000 - 0x00007ffe8f558000 	C:\WINDOWS\SYSTEM32\CRYPTSP.dll
0x00007ffe8edb0000 - 0x00007ffe8ede5000 	C:\WINDOWS\system32\rsaenh.dll
0x00007ffe8f370000 - 0x00007ffe8f399000 	C:\WINDOWS\SYSTEM32\USERENV.dll
0x00007ffe8f730000 - 0x00007ffe8f757000 	C:\WINDOWS\SYSTEM32\bcrypt.dll
0x00007ffe8f530000 - 0x00007ffe8f53c000 	C:\WINDOWS\SYSTEM32\CRYPTBASE.dll
0x00007ffe88240000 - 0x00007ffe88259000 	C:\WINDOWS\SYSTEM32\dhcpcsvc6.DLL
0x00007ffe89f10000 - 0x00007ffe89f2e000 	C:\WINDOWS\SYSTEM32\dhcpcsvc.DLL

dbghelp: loaded successfully - version: 4.0.5 - missing functions: none
symbol engine: initialized successfully - sym options: 0x614 - pdb path: .;C:\Program Files\Java\jdk-11.0.12\bin;C:\WINDOWS\SYSTEM32;C:\WINDOWS\WinSxS\amd64_microsoft.windows.common-controls_6595b64144ccf1df_6.0.22000.120_none_9d947278b86cc467;C:\Program Files\Java\jdk-11.0.12\bin\server

VM Arguments:
jvm_args: -agentlib:jdwp=transport=dt_socket,suspend=y,address=localhost:49602 -javaagent:C:\Users\16085\eclipse\jee-2021-06\eclipse\configuration\org.eclipse.osgi\415\0\.cp\lib\javaagent-shaded.jar -Dfile.encoding=UTF-8 
java_command: com.rab3tech.SpringBootRunner
java_class_path (initial): C:\Users\16085\git\project2021\banking-web\target\classes;C:\Users\16085\.m2\repository\org\springframework\boot\spring-boot-starter-tomcat\2.0.5.RELEASE\spring-boot-starter-tomcat-2.0.5.RELEASE.jar;C:\Users\16085\.m2\repository\javax\annotation\javax.annotation-api\1.3.2\javax.annotation-api-1.3.2.jar;C:\Users\16085\.m2\repository\org\apache\tomcat\embed\tomcat-embed-core\8.5.34\tomcat-embed-core-8.5.34.jar;C:\Users\16085\.m2\repository\org\apache\tomcat\embed\tomcat-embed-el\8.5.34\tomcat-embed-el-8.5.34.jar;C:\Users\16085\.m2\repository\org\apache\tomcat\embed\tomcat-embed-websocket\8.5.34\tomcat-embed-websocket-8.5.34.jar;C:\Users\16085\git\project2021\banking-service\target\classes;C:\Users\16085\.m2\repository\org\springframework\boot\spring-boot-starter-mail\2.0.5.RELEASE\spring-boot-starter-mail-2.0.5.RELEASE.jar;C:\Users\16085\.m2\repository\org\springframework\spring-context\5.0.9.RELEASE\spring-context-5.0.9.RELEASE.jar;C:\Users\16085\.m2\repository\org\springframework\spring-beans\5.0.9.RELEASE\spring-beans-5.0.9.RELEASE.jar;C:\Users\16085\.m2\repository\org\springframework\spring-expression\5.0.9.RELEASE\spring-expression-5.0.9.RELEASE.jar;C:\Users\16085\.m2\repository\org\springframework\spring-context-support\5.0.9.RELEASE\spring-context-support-5.0.9.RELEASE.jar;C:\Users\16085\.m2\repository\com\sun\mail\javax.mail\1.6.2\javax.mail-1.6.2.jar;C:\Users\16085\.m2\repository\javax\activation\activation\1.1\activation-1.1.jar;C:\Users\16085\.m2\repository\org\springframework\boot\spring-boot-starter-security\2.0.5.RELEASE\spring-boot-starter-security-2.0.5.RELEASE.jar;C:\Users\16085\.m2\repository\org\springframework\spring-aop\5.0.9.RELEASE\spring-aop-5.0.9.RELEASE.jar;C:\Users\16085\.m2\repository\org\springframework\security\spring-security-config\5.0.8.RELEASE\spring-security-config-5.0.8.RELEASE.jar;C:\Users\16085\.m2\repository\org\springframework\security\spring-security-core\5.0.8.RELEASE\spring-security-core-5.0.8.REL
Launcher Type: SUN_STANDARD

[Global flags]
     intx CICompilerCount                          = 3                                         {product} {ergonomic}
     uint ConcGCThreads                            = 1                                         {product} {ergonomic}
     uint G1ConcRefinementThreads                  = 4                                         {product} {ergonomic}
   size_t G1HeapRegionSize                         = 1048576                                   {product} {ergonomic}
    uintx GCDrainStackTargetSize                   = 64                                        {product} {ergonomic}
   size_t InitialHeapSize                          = 132120576                                 {product} {ergonomic}
   size_t MarkStackSize                            = 4194304                                   {product} {ergonomic}
   size_t MaxHeapSize                              = 2101346304                                {product} {ergonomic}
   size_t MaxNewSize                               = 1260388352                                {product} {ergonomic}
   size_t MinHeapDeltaBytes                        = 1048576                                   {product} {ergonomic}
    uintx NonNMethodCodeHeapSize                   = 5830732                                {pd product} {ergonomic}
    uintx NonProfiledCodeHeapSize                  = 122913754                              {pd product} {ergonomic}
    uintx ProfiledCodeHeapSize                     = 122913754                              {pd product} {ergonomic}
    uintx ReservedCodeCacheSize                    = 251658240                              {pd product} {ergonomic}
     bool SegmentedCodeCache                       = true                                      {product} {ergonomic}
     bool UseCompressedClassPointers               = true                                 {lp64_product} {ergonomic}
     bool UseCompressedOops                        = true                                 {lp64_product} {ergonomic}
     bool UseG1GC                                  = true                                      {product} {ergonomic}
     bool UseLargePagesIndividualAllocation        = false                                  {pd product} {ergonomic}

Logging:
Log output configuration:
 #0: stdout all=warning uptime,level,tags
 #1: stderr all=off uptime,level,tags

Environment Variables:
PATH=C:/Users/16085/.p2/pool/plugins/org.eclipse.justj.openjdk.hotspot.jre.full.win32.x86_64_16.0.1.v20210528-1205/jre/bin/server;C:/Users/16085/.p2/pool/plugins/org.eclipse.justj.openjdk.hotspot.jre.full.win32.x86_64_16.0.1.v20210528-1205/jre/bin;C:\Program Files\Common Files\Oracle\Java\javapath;C:\WINDOWS\system32;C:\WINDOWS;C:\WINDOWS\System32\Wbem;C:\WINDOWS\System32\WindowsPowerShell\v1.0\;C:\WINDOWS\System32\OpenSSH\;C:\Program Files\dotnet\;C:\Program Files\Microsoft SQL Server\130\Tools\Binn\;C:\Program Files\Microsoft SQL Server\Client SDK\ODBC\170\Tools\Binn\;C:\Program Files\nodejs\;C:\Program Files\apache-maven-3.8.3\bin;C:\Program Files\Git\cmd;C:\Program Files\MySQL\MySQL Shell 8.0\bin\;C:\Users\16085\AppData\Local\Microsoft\WindowsApps;C:\Users\16085\AppData\Local\atom\bin;C:\Users\16085\AppData\Local\GitHubDesktop\bin;C:\Users\16085\AppData\Local\Microsoft\WindowsApps;C:\Users\16085\AppData\Roaming\npm;;C:\WINDOWS\System32;
USERNAME=16085
OS=Windows_NT
PROCESSOR_IDENTIFIER=Intel64 Family 6 Model 158 Stepping 11, GenuineIntel



---------------  S Y S T E M  ---------------

OS: Windows 10 , 64 bit Build 22000 (10.0.22000.434)

CPU:total 4 (initial active 4) (4 cores per cpu, 1 threads per core) family 6 model 158 stepping 11 microcode 0xde, cmov, cx8, fxsr, mmx, sse, sse2, sse3, ssse3, sse4.1, sse4.2, popcnt, avx, avx2, aes, clmul, erms, 3dnowpref, lzcnt, tsc, tscinvbit, bmi1, bmi2, adx, fma

Memory: 4k page, system-wide physical 8015M (1846M free)
TotalPageFile size 16029M (AvailPageFile size 7279M)
current process WorkingSet (physical memory assigned to process): 571M, peak: 637M
current process commit charge ("private bytes"): 600M, peak: 670M

vm_info: Java HotSpot(TM) 64-Bit Server VM (11.0.12+8-LTS-237) for windows-amd64 JRE (11.0.12+8-LTS-237), built on Jun  8 2021 11:25:59 by "mach5one" with MS VC++ 15.9 (VS2017)

END.
